#
# There is insufficient memory for the Java Runtime Environment to continue.
# Native memory allocation (malloc) failed to allocate 423376 bytes for Chunk::new
# Possible reasons:
#   The system is out of physical RAM or swap space
#   The process is running with CompressedOops enabled, and the Java Heap may be blocking the growth of the native heap
# Possible solutions:
#   Reduce memory load on the system
#   Increase physical memory or swap space
#   Check if swap backing store is full
#   Decrease Java heap size (-Xmx/-Xms)
#   Decrease number of Java threads
#   Decrease Java thread stack sizes (-Xss)
#   Set larger code cache with -XX:ReservedCodeCacheSize=
#   JVM is running with Unscaled Compressed Oops mode in which the Java heap is
#     placed in the first 4GB address space. The Java Heap base address is the
#     maximum limit for the native heap growth. Please use -XX:HeapBaseMinAddress
#     to set the Java Heap base and to place the Java Heap above 4GB virtual address.
# This output file may be truncated or incomplete.
#
#  Out of Memory Error (arena.cpp:189), pid=6336, tid=12108
#
# JRE version: OpenJDK Runtime Environment Temurin-17.0.8.1+1 (17.0.8.1+1) (build 17.0.8.1+1)
# Java VM: OpenJDK 64-Bit Server VM Temurin-17.0.8.1+1 (17.0.8.1+1, mixed mode, tiered, compressed oops, compressed class ptrs, g1 gc, windows-amd64)
# No core dump will be written. Minidumps are not enabled by default on client versions of Windows
#

---------------  S U M M A R Y ------------

Command Line: -Dmaven.home=EMBEDDED -Dclassworlds.conf=D:\Secure Haven Final (Home Loan) Project\Backend\.metadata\.plugins\org.eclipse.m2e.launching\launches\m2conf13812877272956970182.tmp -Dmaven.multiModuleProjectDirectory=C:\Users\91915\git\5_cibil_generator\5_securehaven_producer_cibil_score -Dm2e.build.project.data.socket.port=50438 -Dfile.encoding=UTF-8 -Dstdout.encoding=UTF-8 -Dstderr.encoding=UTF-8 -XX:+ShowCodeDetailsInExceptionMessages org.codehaus.plexus.classworlds.launcher.Launcher -B -Dstyle.color=always install

Host: AMD Ryzen 5 3550H with Radeon Vega Mobile Gfx  , 8 cores, 5G,  Windows 11 , 64 bit Build 22621 (10.0.22621.3527)
Time: Mon May  6 10:19:18 2024 India Standard Time elapsed time: 17.311787 seconds (0d 0h 0m 17s)

---------------  T H R E A D  ---------------

Current thread (0x000002ba3d450c60):  JavaThread "C2 CompilerThread0" daemon [_thread_in_native, id=12108, stack(0x000000fce3800000,0x000000fce3900000)]


Current CompileTask:
C2:  17311 7381   !   4       java.lang.ClassLoader::loadClass (121 bytes)

Stack: [0x000000fce3800000,0x000000fce3900000]
Native frames: (J=compiled Java code, j=interpreted, Vv=VM code, C=native code)
V  [jvm.dll+0x678b0a]
V  [jvm.dll+0x835e84]
V  [jvm.dll+0x83762e]
V  [jvm.dll+0x837c93]
V  [jvm.dll+0x24746f]
V  [jvm.dll+0xac20c]
V  [jvm.dll+0xac7dc]
V  [jvm.dll+0x562d19]
V  [jvm.dll+0x3301d0]
V  [jvm.dll+0x32f64a]
V  [jvm.dll+0x219bf1]
V  [jvm.dll+0x219011]
V  [jvm.dll+0x1a534d]
V  [jvm.dll+0x228d8a]
V  [jvm.dll+0x226dcc]
V  [jvm.dll+0x7ec09b]
V  [jvm.dll+0x7e64ca]
V  [jvm.dll+0x677955]
C  [ucrtbase.dll+0x29333]
C  [KERNEL32.DLL+0x1257d]
C  [ntdll.dll+0x5aa48]


---------------  P R O C E S S  ---------------

Threads class SMR info:
_java_thread_list=0x000002ba44eac470, length=12, elements={
0x000002ba224bbfb0, 0x000002ba3d2dc040, 0x000002ba3d2dcc00, 0x000002ba3d31a600,
0x000002ba3d31b0c0, 0x000002ba3d31ba80, 0x000002ba3d31e850, 0x000002ba3d450c60,
0x000002ba3d453190, 0x000002ba3d4557b0, 0x000002ba3d5d5b60, 0x000002ba3d5e61e0
}

Java Threads: ( => current thread )
  0x000002ba224bbfb0 JavaThread "main" [_thread_in_native_trans, id=10700, stack(0x000000fce2b00000,0x000000fce2c00000)]
  0x000002ba3d2dc040 JavaThread "Reference Handler" daemon [_thread_blocked, id=13864, stack(0x000000fce3200000,0x000000fce3300000)]
  0x000002ba3d2dcc00 JavaThread "Finalizer" daemon [_thread_blocked, id=2332, stack(0x000000fce3300000,0x000000fce3400000)]
  0x000002ba3d31a600 JavaThread "Signal Dispatcher" daemon [_thread_blocked, id=13620, stack(0x000000fce3400000,0x000000fce3500000)]
  0x000002ba3d31b0c0 JavaThread "Attach Listener" daemon [_thread_blocked, id=2220, stack(0x000000fce3500000,0x000000fce3600000)]
  0x000002ba3d31ba80 JavaThread "Service Thread" daemon [_thread_blocked, id=12248, stack(0x000000fce3600000,0x000000fce3700000)]
  0x000002ba3d31e850 JavaThread "Monitor Deflation Thread" daemon [_thread_blocked, id=3304, stack(0x000000fce3700000,0x000000fce3800000)]
=>0x000002ba3d450c60 JavaThread "C2 CompilerThread0" daemon [_thread_in_native, id=12108, stack(0x000000fce3800000,0x000000fce3900000)]
  0x000002ba3d453190 JavaThread "C1 CompilerThread0" daemon [_thread_blocked, id=2860, stack(0x000000fce3900000,0x000000fce3a00000)]
  0x000002ba3d4557b0 JavaThread "Sweeper thread" daemon [_thread_blocked, id=2932, stack(0x000000fce3a00000,0x000000fce3b00000)]
  0x000002ba3d5d5b60 JavaThread "Notification Thread" daemon [_thread_blocked, id=2684, stack(0x000000fce3b00000,0x000000fce3c00000)]
  0x000002ba3d5e61e0 JavaThread "Common-Cleaner" daemon [_thread_blocked, id=7132, stack(0x000000fce3d00000,0x000000fce3e00000)]

Other Threads:
  0x000002ba3d2d9480 VMThread "VM Thread" [stack: 0x000000fce3100000,0x000000fce3200000] [id=8284]
  0x000002ba3d5dc060 WatcherThread [stack: 0x000000fce3c00000,0x000000fce3d00000] [id=3520]
  0x000002ba24659b70 GCTaskThread "GC Thread#0" [stack: 0x000000fce2c00000,0x000000fce2d00000] [id=9500]
  0x000002ba3d677960 GCTaskThread "GC Thread#1" [stack: 0x000000fce4000000,0x000000fce4100000] [id=13588]
  0x000002ba428999b0 GCTaskThread "GC Thread#2" [stack: 0x000000fce4100000,0x000000fce4200000] [id=12520]
  0x000002ba42899c70 GCTaskThread "GC Thread#3" [stack: 0x000000fce4200000,0x000000fce4300000] [id=7176]
  0x000002ba42c1c8d0 GCTaskThread "GC Thread#4" [stack: 0x000000fce4300000,0x000000fce4400000] [id=11444]
  0x000002ba42c1cda0 GCTaskThread "GC Thread#5" [stack: 0x000000fce4400000,0x000000fce4500000] [id=13732]
  0x000002ba429cf240 GCTaskThread "GC Thread#6" [stack: 0x000000fce4500000,0x000000fce4600000] [id=1728]
  0x000002ba429d1910 GCTaskThread "GC Thread#7" [stack: 0x000000fce4600000,0x000000fce4700000] [id=1356]
  0x000002ba246670a0 ConcurrentGCThread "G1 Main Marker" [stack: 0x000000fce2d00000,0x000000fce2e00000] [id=14032]
  0x000002ba24667ab0 ConcurrentGCThread "G1 Conc#0" [stack: 0x000000fce2e00000,0x000000fce2f00000] [id=13504]
  0x000002ba43026a70 ConcurrentGCThread "G1 Conc#1" [stack: 0x000000fce3f00000,0x000000fce4000000] [id=6672]
  0x000002ba246bcc30 ConcurrentGCThread "G1 Refine#0" [stack: 0x000000fce2f00000,0x000000fce3000000] [id=11396]
  0x000002ba43036ff0 ConcurrentGCThread "G1 Refine#1" [stack: 0x000000fce4700000,0x000000fce4800000] [id=13180]
  0x000002ba246be510 ConcurrentGCThread "G1 Service" [stack: 0x000000fce3000000,0x000000fce3100000] [id=11136]

Threads with active compile tasks:
C2 CompilerThread0    17378 7381   !   4       java.lang.ClassLoader::loadClass (121 bytes)

VM state: not at safepoint (normal execution)

VM Mutex/Monitor currently owned by a thread: None

Heap address: 0x00000000a0e00000, size: 1522 MB, Compressed Oops mode: 32-bit

CDS archive(s) not mapped
Compressed class space mapped at: 0x0000000100000000-0x0000000140000000, reserved size: 1073741824
Narrow klass base: 0x0000000000000000, Narrow klass shift: 3, Narrow klass range: 0x140000000

GC Precious Log:
 CPUs: 8 total, 8 available
 Memory: 6082M
 Large Page Support: Disabled
 NUMA Support: Disabled
 Compressed Oops: Enabled (32-bit)
 Heap Region Size: 1M
 Heap Min Capacity: 8M
 Heap Initial Capacity: 96M
 Heap Max Capacity: 1522M
 Pre-touch: Disabled
 Parallel Workers: 8
 Concurrent Workers: 2
 Concurrent Refinement Workers: 8
 Periodic GC: Disabled

Heap:
 garbage-first heap   total 101376K, used 72258K [0x00000000a0e00000, 0x0000000100000000)
  region size 1024K, 26 young (26624K), 1 survivors (1024K)
 Metaspace       used 44520K, committed 44928K, reserved 1114112K
  class space    used 4806K, committed 4992K, reserved 1048576K

Heap Regions: E=young(eden), S=young(survivor), O=old, HS=humongous(starts), HC=humongous(continues), CS=collection set, F=free, OA=open archive, CA=closed archive, TAMS=top-at-mark-start (previous, next)
|   0|0x00000000a0e00000, 0x00000000a0f00000, 0x00000000a0f00000|100%| O|  |TAMS 0x00000000a0f00000, 0x00000000a0e00000| Untracked 
|   1|0x00000000a0f00000, 0x00000000a1000000, 0x00000000a1000000|100%| O|  |TAMS 0x00000000a1000000, 0x00000000a0f00000| Untracked 
|   2|0x00000000a1000000, 0x00000000a1100000, 0x00000000a1100000|100%| O|  |TAMS 0x00000000a1100000, 0x00000000a1000000| Untracked 
|   3|0x00000000a1100000, 0x00000000a1200000, 0x00000000a1200000|100%| O|  |TAMS 0x00000000a1200000, 0x00000000a1100000| Untracked 
|   4|0x00000000a1200000, 0x00000000a1300000, 0x00000000a1300000|100%| O|  |TAMS 0x00000000a1300000, 0x00000000a1200000| Untracked 
|   5|0x00000000a1300000, 0x00000000a1400000, 0x00000000a1400000|100%| O|  |TAMS 0x00000000a1400000, 0x00000000a1300000| Untracked 
|   6|0x00000000a1400000, 0x00000000a1500000, 0x00000000a1500000|100%| O|  |TAMS 0x00000000a1500000, 0x00000000a1400000| Untracked 
|   7|0x00000000a1500000, 0x00000000a1600000, 0x00000000a1600000|100%| O|  |TAMS 0x00000000a1600000, 0x00000000a1500000| Untracked 
|   8|0x00000000a1600000, 0x00000000a1700000, 0x00000000a1700000|100%| O|  |TAMS 0x00000000a1700000, 0x00000000a1600000| Untracked 
|   9|0x00000000a1700000, 0x00000000a1800000, 0x00000000a1800000|100%| O|  |TAMS 0x00000000a1800000, 0x00000000a1700000| Untracked 
|  10|0x00000000a1800000, 0x00000000a1800000, 0x00000000a1900000|  0%| F|  |TAMS 0x00000000a1800000, 0x00000000a1800000| Untracked 
|  11|0x00000000a1900000, 0x00000000a1a00000, 0x00000000a1a00000|100%| O|  |TAMS 0x00000000a1a00000, 0x00000000a1900000| Untracked 
|  12|0x00000000a1a00000, 0x00000000a1b00000, 0x00000000a1b00000|100%| O|  |TAMS 0x00000000a1b00000, 0x00000000a1a00000| Untracked 
|  13|0x00000000a1b00000, 0x00000000a1c00000, 0x00000000a1c00000|100%| O|  |TAMS 0x00000000a1c00000, 0x00000000a1b00000| Untracked 
|  14|0x00000000a1c00000, 0x00000000a1d00000, 0x00000000a1d00000|100%| O|  |TAMS 0x00000000a1c00000, 0x00000000a1c00000| Untracked 
|  15|0x00000000a1d00000, 0x00000000a1e00000, 0x00000000a1e00000|100%| O|  |TAMS 0x00000000a1d00000, 0x00000000a1d00000| Untracked 
|  16|0x00000000a1e00000, 0x00000000a1e00000, 0x00000000a1f00000|  0%| F|  |TAMS 0x00000000a1e00000, 0x00000000a1e00000| Untracked 
|  17|0x00000000a1f00000, 0x00000000a1f00000, 0x00000000a2000000|  0%| F|  |TAMS 0x00000000a1f00000, 0x00000000a1f00000| Untracked 
|  18|0x00000000a2000000, 0x00000000a2100000, 0x00000000a2100000|100%| O|  |TAMS 0x00000000a2100000, 0x00000000a2000000| Untracked 
|  19|0x00000000a2100000, 0x00000000a2200000, 0x00000000a2200000|100%| O|  |TAMS 0x00000000a2200000, 0x00000000a2100000| Untracked 
|  20|0x00000000a2200000, 0x00000000a2300000, 0x00000000a2300000|100%| O|  |TAMS 0x00000000a2300000, 0x00000000a2200000| Untracked 
|  21|0x00000000a2300000, 0x00000000a2400000, 0x00000000a2400000|100%| O|  |TAMS 0x00000000a2400000, 0x00000000a2300000| Untracked 
|  22|0x00000000a2400000, 0x00000000a2400000, 0x00000000a2500000|  0%| F|  |TAMS 0x00000000a2400000, 0x00000000a2400000| Untracked 
|  23|0x00000000a2500000, 0x00000000a2600000, 0x00000000a2600000|100%| O|  |TAMS 0x00000000a2600000, 0x00000000a2500000| Untracked 
|  24|0x00000000a2600000, 0x00000000a2700000, 0x00000000a2700000|100%| O|  |TAMS 0x00000000a2700000, 0x00000000a2600000| Untracked 
|  25|0x00000000a2700000, 0x00000000a2800000, 0x00000000a2800000|100%| O|  |TAMS 0x00000000a2700000, 0x00000000a2700000| Untracked 
|  26|0x00000000a2800000, 0x00000000a2800000, 0x00000000a2900000|  0%| F|  |TAMS 0x00000000a2800000, 0x00000000a2800000| Untracked 
|  27|0x00000000a2900000, 0x00000000a2a00000, 0x00000000a2a00000|100%| O|  |TAMS 0x00000000a2a00000, 0x00000000a2900000| Untracked 
|  28|0x00000000a2a00000, 0x00000000a2b00000, 0x00000000a2b00000|100%| O|  |TAMS 0x00000000a2b00000, 0x00000000a2a00000| Untracked 
|  29|0x00000000a2b00000, 0x00000000a2c00000, 0x00000000a2c00000|100%| O|  |TAMS 0x00000000a2c00000, 0x00000000a2b00000| Untracked 
|  30|0x00000000a2c00000, 0x00000000a2c00000, 0x00000000a2d00000|  0%| F|  |TAMS 0x00000000a2c00000, 0x00000000a2c00000| Untracked 
|  31|0x00000000a2d00000, 0x00000000a2d00000, 0x00000000a2e00000|  0%| F|  |TAMS 0x00000000a2d00000, 0x00000000a2d00000| Untracked 
|  32|0x00000000a2e00000, 0x00000000a2f00000, 0x00000000a2f00000|100%| O|  |TAMS 0x00000000a2f00000, 0x00000000a2e00000| Untracked 
|  33|0x00000000a2f00000, 0x00000000a3000000, 0x00000000a3000000|100%|HS|  |TAMS 0x00000000a3000000, 0x00000000a2f00000| Complete 
|  34|0x00000000a3000000, 0x00000000a3100000, 0x00000000a3100000|100%|HS|  |TAMS 0x00000000a3100000, 0x00000000a3000000| Complete 
|  35|0x00000000a3100000, 0x00000000a3200000, 0x00000000a3200000|100%|HC|  |TAMS 0x00000000a3200000, 0x00000000a3100000| Complete 
|  36|0x00000000a3200000, 0x00000000a3300000, 0x00000000a3300000|100%| O|  |TAMS 0x00000000a3300000, 0x00000000a3200000| Untracked 
|  37|0x00000000a3300000, 0x00000000a3400000, 0x00000000a3400000|100%| O|  |TAMS 0x00000000a3400000, 0x00000000a3300000| Untracked 
|  38|0x00000000a3400000, 0x00000000a3500000, 0x00000000a3500000|100%| O|  |TAMS 0x00000000a3500000, 0x00000000a3400000| Untracked 
|  39|0x00000000a3500000, 0x00000000a3600000, 0x00000000a3600000|100%| O|  |TAMS 0x00000000a3600000, 0x00000000a3500000| Untracked 
|  40|0x00000000a3600000, 0x00000000a3700000, 0x00000000a3700000|100%| O|  |TAMS 0x00000000a3700000, 0x00000000a3600000| Untracked 
|  41|0x00000000a3700000, 0x00000000a3800000, 0x00000000a3800000|100%| O|  |TAMS 0x00000000a3800000, 0x00000000a3700000| Untracked 
|  42|0x00000000a3800000, 0x00000000a3900000, 0x00000000a3900000|100%| O|  |TAMS 0x00000000a3900000, 0x00000000a3800000| Untracked 
|  43|0x00000000a3900000, 0x00000000a3a00000, 0x00000000a3a00000|100%| O|  |TAMS 0x00000000a3a00000, 0x00000000a3900000| Untracked 
|  44|0x00000000a3a00000, 0x00000000a3b00000, 0x00000000a3b00000|100%| O|  |TAMS 0x00000000a3b00000, 0x00000000a3a00000| Untracked 
|  45|0x00000000a3b00000, 0x00000000a3c00000, 0x00000000a3c00000|100%| O|  |TAMS 0x00000000a3c00000, 0x00000000a3b00000| Untracked 
|  46|0x00000000a3c00000, 0x00000000a3d00000, 0x00000000a3d00000|100%| O|  |TAMS 0x00000000a3c49c00, 0x00000000a3c00000| Untracked 
|  47|0x00000000a3d00000, 0x00000000a3e00000, 0x00000000a3e00000|100%| O|  |TAMS 0x00000000a3d00000, 0x00000000a3d00000| Untracked 
|  48|0x00000000a3e00000, 0x00000000a3f00000, 0x00000000a3f00000|100%| O|  |TAMS 0x00000000a3e00000, 0x00000000a3e00000| Untracked 
|  49|0x00000000a3f00000, 0x00000000a4000000, 0x00000000a4000000|100%| O|  |TAMS 0x00000000a3f00000, 0x00000000a3f00000| Untracked 
|  50|0x00000000a4000000, 0x00000000a4100000, 0x00000000a4100000|100%| O|  |TAMS 0x00000000a4000000, 0x00000000a4000000| Untracked 
|  51|0x00000000a4100000, 0x00000000a4200000, 0x00000000a4200000|100%| O|  |TAMS 0x00000000a4100000, 0x00000000a4100000| Untracked 
|  52|0x00000000a4200000, 0x00000000a4243400, 0x00000000a4300000| 26%| O|  |TAMS 0x00000000a4200000, 0x00000000a4200000| Untracked 
|  53|0x00000000a4300000, 0x00000000a4300000, 0x00000000a4400000|  0%| F|  |TAMS 0x00000000a4300000, 0x00000000a4300000| Untracked 
|  54|0x00000000a4400000, 0x00000000a4400000, 0x00000000a4500000|  0%| F|  |TAMS 0x00000000a4400000, 0x00000000a4400000| Untracked 
|  55|0x00000000a4500000, 0x00000000a4500000, 0x00000000a4600000|  0%| F|  |TAMS 0x00000000a4500000, 0x00000000a4500000| Untracked 
|  56|0x00000000a4600000, 0x00000000a4600000, 0x00000000a4700000|  0%| F|  |TAMS 0x00000000a4600000, 0x00000000a4600000| Untracked 
|  57|0x00000000a4700000, 0x00000000a4800000, 0x00000000a4800000|100%| O|  |TAMS 0x00000000a4700000, 0x00000000a4700000| Untracked 
|  58|0x00000000a4800000, 0x00000000a4800000, 0x00000000a4900000|  0%| F|  |TAMS 0x00000000a4800000, 0x00000000a4800000| Untracked 
|  59|0x00000000a4900000, 0x00000000a4900000, 0x00000000a4a00000|  0%| F|  |TAMS 0x00000000a4900000, 0x00000000a4900000| Untracked 
|  60|0x00000000a4a00000, 0x00000000a4a00000, 0x00000000a4b00000|  0%| F|  |TAMS 0x00000000a4a00000, 0x00000000a4a00000| Untracked 
|  61|0x00000000a4b00000, 0x00000000a4b00000, 0x00000000a4c00000|  0%| F|  |TAMS 0x00000000a4b00000, 0x00000000a4b00000| Untracked 
|  62|0x00000000a4c00000, 0x00000000a4c00000, 0x00000000a4d00000|  0%| F|  |TAMS 0x00000000a4c00000, 0x00000000a4c00000| Untracked 
|  63|0x00000000a4d00000, 0x00000000a4d00000, 0x00000000a4e00000|  0%| F|  |TAMS 0x00000000a4d00000, 0x00000000a4d00000| Untracked 
|  64|0x00000000a4e00000, 0x00000000a4e00000, 0x00000000a4f00000|  0%| F|  |TAMS 0x00000000a4e00000, 0x00000000a4e00000| Untracked 
|  65|0x00000000a4f00000, 0x00000000a4f00000, 0x00000000a5000000|  0%| F|  |TAMS 0x00000000a4f00000, 0x00000000a4f00000| Untracked 
|  66|0x00000000a5000000, 0x00000000a5000000, 0x00000000a5100000|  0%| F|  |TAMS 0x00000000a5000000, 0x00000000a5000000| Untracked 
|  67|0x00000000a5100000, 0x00000000a5100000, 0x00000000a5200000|  0%| F|  |TAMS 0x00000000a5100000, 0x00000000a5100000| Untracked 
|  68|0x00000000a5200000, 0x00000000a5200000, 0x00000000a5300000|  0%| F|  |TAMS 0x00000000a5200000, 0x00000000a5200000| Untracked 
|  69|0x00000000a5300000, 0x00000000a5300000, 0x00000000a5400000|  0%| F|  |TAMS 0x00000000a5300000, 0x00000000a5300000| Untracked 
|  70|0x00000000a5400000, 0x00000000a5400000, 0x00000000a5500000|  0%| F|  |TAMS 0x00000000a5400000, 0x00000000a5400000| Untracked 
|  71|0x00000000a5500000, 0x00000000a5500000, 0x00000000a5600000|  0%| F|  |TAMS 0x00000000a5500000, 0x00000000a5500000| Untracked 
|  72|0x00000000a5600000, 0x00000000a5600000, 0x00000000a5700000|  0%| F|  |TAMS 0x00000000a5600000, 0x00000000a5600000| Untracked 
|  73|0x00000000a5700000, 0x00000000a5800000, 0x00000000a5800000|100%| E|  |TAMS 0x00000000a5700000, 0x00000000a5700000| Complete 
|  74|0x00000000a5800000, 0x00000000a5900000, 0x00000000a5900000|100%| E|CS|TAMS 0x00000000a5800000, 0x00000000a5800000| Complete 
|  75|0x00000000a5900000, 0x00000000a5a00000, 0x00000000a5a00000|100%| E|CS|TAMS 0x00000000a5900000, 0x00000000a5900000| Complete 
|  76|0x00000000a5a00000, 0x00000000a5b00000, 0x00000000a5b00000|100%| E|CS|TAMS 0x00000000a5a00000, 0x00000000a5a00000| Complete 
|  77|0x00000000a5b00000, 0x00000000a5c00000, 0x00000000a5c00000|100%| E|CS|TAMS 0x00000000a5b00000, 0x00000000a5b00000| Complete 
|  78|0x00000000a5c00000, 0x00000000a5d00000, 0x00000000a5d00000|100%| E|CS|TAMS 0x00000000a5c00000, 0x00000000a5c00000| Complete 
|  79|0x00000000a5d00000, 0x00000000a5e00000, 0x00000000a5e00000|100%| E|CS|TAMS 0x00000000a5d00000, 0x00000000a5d00000| Complete 
|  80|0x00000000a5e00000, 0x00000000a5f00000, 0x00000000a5f00000|100%| E|CS|TAMS 0x00000000a5e00000, 0x00000000a5e00000| Complete 
|  81|0x00000000a5f00000, 0x00000000a6000000, 0x00000000a6000000|100%| E|CS|TAMS 0x00000000a5f00000, 0x00000000a5f00000| Complete 
|  82|0x00000000a6000000, 0x00000000a6100000, 0x00000000a6100000|100%| E|CS|TAMS 0x00000000a6000000, 0x00000000a6000000| Complete 
|  83|0x00000000a6100000, 0x00000000a6200000, 0x00000000a6200000|100%| E|CS|TAMS 0x00000000a6100000, 0x00000000a6100000| Complete 
|  84|0x00000000a6200000, 0x00000000a6300000, 0x00000000a6300000|100%| E|CS|TAMS 0x00000000a6200000, 0x00000000a6200000| Complete 
|  85|0x00000000a6300000, 0x00000000a6400000, 0x00000000a6400000|100%| E|CS|TAMS 0x00000000a6300000, 0x00000000a6300000| Complete 
|  86|0x00000000a6400000, 0x00000000a6500000, 0x00000000a6500000|100%| E|CS|TAMS 0x00000000a6400000, 0x00000000a6400000| Complete 
|  87|0x00000000a6500000, 0x00000000a6600000, 0x00000000a6600000|100%| E|CS|TAMS 0x00000000a6500000, 0x00000000a6500000| Complete 
|  88|0x00000000a6600000, 0x00000000a6700000, 0x00000000a6700000|100%| E|CS|TAMS 0x00000000a6600000, 0x00000000a6600000| Complete 
|  89|0x00000000a6700000, 0x00000000a6800000, 0x00000000a6800000|100%| E|CS|TAMS 0x00000000a6700000, 0x00000000a6700000| Complete 
|  90|0x00000000a6800000, 0x00000000a6900000, 0x00000000a6900000|100%| E|CS|TAMS 0x00000000a6800000, 0x00000000a6800000| Complete 
|  91|0x00000000a6900000, 0x00000000a6a00000, 0x00000000a6a00000|100%| E|CS|TAMS 0x00000000a6900000, 0x00000000a6900000| Complete 
|  92|0x00000000a6a00000, 0x00000000a6b00000, 0x00000000a6b00000|100%| E|CS|TAMS 0x00000000a6a00000, 0x00000000a6a00000| Complete 
|  93|0x00000000a6b00000, 0x00000000a6c00000, 0x00000000a6c00000|100%| E|CS|TAMS 0x00000000a6b00000, 0x00000000a6b00000| Complete 
|  94|0x00000000a6c00000, 0x00000000a6d00000, 0x00000000a6d00000|100%| E|CS|TAMS 0x00000000a6c00000, 0x00000000a6c00000| Complete 
|  95|0x00000000a6d00000, 0x00000000a6e00000, 0x00000000a6e00000|100%| E|CS|TAMS 0x00000000a6d00000, 0x00000000a6d00000| Complete 
|  96|0x00000000a6e00000, 0x00000000a6e4d5f0, 0x00000000a6f00000| 30%| S|CS|TAMS 0x00000000a6e00000, 0x00000000a6e00000| Complete 
|  97|0x00000000a6f00000, 0x00000000a7000000, 0x00000000a7000000|100%| E|CS|TAMS 0x00000000a6f00000, 0x00000000a6f00000| Complete 
|  98|0x00000000a7000000, 0x00000000a7100000, 0x00000000a7100000|100%| E|CS|TAMS 0x00000000a7000000, 0x00000000a7000000| Complete 

Card table byte_map: [0x000002ba372f0000,0x000002ba375f0000] _byte_map_base: 0x000002ba36de9000

Marking Bits (Prev, Next): (CMBitMap*) 0x000002ba2465a1d0, (CMBitMap*) 0x000002ba2465a190
 Prev Bits: [0x000002ba390c0000, 0x000002ba3a888000)
 Next Bits: [0x000002ba378f0000, 0x000002ba390b8000)

Polling page: 0x000002ba23dc0000

Metaspace:

Usage:
  Non-class:     38.79 MB used.
      Class:      4.69 MB used.
       Both:     43.48 MB used.

Virtual space:
  Non-class space:       64.00 MB reserved,      39.00 MB ( 61%) committed,  1 nodes.
      Class space:        1.00 GB reserved,       4.88 MB ( <1%) committed,  1 nodes.
             Both:        1.06 GB reserved,      43.88 MB (  4%) committed. 

Chunk freelists:
   Non-Class:  8.12 MB
       Class:  10.97 MB
        Both:  19.09 MB

MaxMetaspaceSize: unlimited
CompressedClassSpaceSize: 1.00 GB
Initial GC threshold: 21.00 MB
Current GC threshold: 67.50 MB
CDS: off
MetaspaceReclaimPolicy: balanced
 - commit_granule_bytes: 65536.
 - commit_granule_words: 8192.
 - virtual_space_node_default_size: 8388608.
 - enlarge_chunks_in_place: 1.
 - new_chunks_are_fully_committed: 0.
 - uncommit_free_chunks: 1.
 - use_allocation_guard: 0.
 - handle_deallocations: 1.


Internal statistics:

num_allocs_failed_limit: 3.
num_arena_births: 266.
num_arena_deaths: 0.
num_vsnodes_births: 2.
num_vsnodes_deaths: 0.
num_space_committed: 702.
num_space_uncommitted: 0.
num_chunks_returned_to_freelist: 3.
num_chunks_taken_from_freelist: 1547.
num_chunk_merges: 3.
num_chunk_splits: 1054.
num_chunks_enlarged: 797.
num_inconsistent_stats: 0.

CodeHeap 'non-profiled nmethods': size=120000Kb used=3913Kb max_used=3913Kb free=116087Kb
 bounds [0x000002ba2f790000, 0x000002ba2fb70000, 0x000002ba36cc0000]
CodeHeap 'profiled nmethods': size=120000Kb used=13450Kb max_used=13450Kb free=106549Kb
 bounds [0x000002ba27cc0000, 0x000002ba289f0000, 0x000002ba2f1f0000]
CodeHeap 'non-nmethods': size=5760Kb used=1253Kb max_used=1317Kb free=4506Kb
 bounds [0x000002ba2f1f0000, 0x000002ba2f460000, 0x000002ba2f790000]
 total_blobs=7017 nmethods=6451 adapters=477
 compilation: enabled
              stopped_count=0, restarted_count=0
 full_count=0

Compilation events (20 events):
Event: 17.237 Thread 0x000002ba3d453190 7396       1       org.apache.maven.surefire.api.stream.AbstractStreamDecoder$Memento::getByteBuffer (5 bytes)
Event: 17.237 Thread 0x000002ba3d453190 nmethod 7396 0x000002ba2fb61490 code [0x000002ba2fb61620, 0x000002ba2fb616f8]
Event: 17.237 Thread 0x000002ba3d453190 7397       1       org.apache.maven.surefire.api.stream.AbstractStreamDecoder$MalformedFrameException::readFrom (5 bytes)
Event: 17.237 Thread 0x000002ba3d453190 nmethod 7397 0x000002ba2fb61790 code [0x000002ba2fb61920, 0x000002ba2fb619f8]
Event: 17.239 Thread 0x000002ba3d453190 7399       1       org.apache.maven.surefire.api.stream.AbstractStreamDecoder$BufferedStream::getPositionByteBuffer (5 bytes)
Event: 17.239 Thread 0x000002ba3d453190 nmethod 7399 0x000002ba2fb61a90 code [0x000002ba2fb61c20, 0x000002ba2fb61cf8]
Event: 17.239 Thread 0x000002ba3d453190 7400       1       org.apache.maven.surefire.api.stream.AbstractStreamDecoder$MalformedFrameException::readTo (5 bytes)
Event: 17.239 Thread 0x000002ba3d453190 nmethod 7400 0x000002ba2fb61d90 code [0x000002ba2fb61f20, 0x000002ba2fb61ff8]
Event: 17.239 Thread 0x000002ba3d453190 7401       3       java.util.stream.FindOps$FindOp::evaluateSequential (39 bytes)
Event: 17.240 Thread 0x000002ba3d453190 nmethod 7401 0x000002ba289dde10 code [0x000002ba289de000, 0x000002ba289de5e8]
Event: 17.240 Thread 0x000002ba3d453190 7402       3       java.util.stream.FindOps$FindSink::<init> (5 bytes)
Event: 17.240 Thread 0x000002ba3d453190 nmethod 7402 0x000002ba289de790 code [0x000002ba289de920, 0x000002ba289dea78]
Event: 17.240 Thread 0x000002ba3d453190 7403       3       java.lang.StringUTF16::putCharSB (12 bytes)
Event: 17.240 Thread 0x000002ba3d453190 nmethod 7403 0x000002ba289deb10 code [0x000002ba289decc0, 0x000002ba289deec8]
Event: 17.240 Thread 0x000002ba3d453190 7404  s    1       java.lang.StringBuffer::length (5 bytes)
Event: 17.240 Thread 0x000002ba3d453190 nmethod 7404 0x000002ba2fb62090 code [0x000002ba2fb62220, 0x000002ba2fb62398]
Event: 17.243 Thread 0x000002ba3d453190 7405       3       org.apache.maven.surefire.stream.EventDecoder::getEncodedMagicNumber (4 bytes)
Event: 17.244 Thread 0x000002ba3d453190 nmethod 7405 0x000002ba289df010 code [0x000002ba289df1a0, 0x000002ba289df2b8]
Event: 17.244 Thread 0x000002ba3d453190 7406   !   3       org.apache.maven.surefire.stream.EventDecoder::decode (399 bytes)
Event: 17.249 Thread 0x000002ba3d453190 nmethod 7406 0x000002ba289df390 code [0x000002ba289df940, 0x000002ba289e2768]

GC Heap History (20 events):
Event: 6.441 GC heap before
{Heap before GC invocations=11 (full 0):
 garbage-first heap   total 58368K, used 35478K [0x00000000a0e00000, 0x0000000100000000)
  region size 1024K, 3 young (3072K), 2 survivors (2048K)
 Metaspace       used 27291K, committed 27520K, reserved 1114112K
  class space    used 2902K, committed 3008K, reserved 1048576K
}
Event: 6.445 GC heap after
{Heap after GC invocations=12 (full 0):
 garbage-first heap   total 58368K, used 35516K [0x00000000a0e00000, 0x0000000100000000)
  region size 1024K, 2 young (2048K), 2 survivors (2048K)
 Metaspace       used 27291K, committed 27520K, reserved 1114112K
  class space    used 2902K, committed 3008K, reserved 1048576K
}
Event: 6.786 GC heap before
{Heap before GC invocations=13 (full 0):
 garbage-first heap   total 83968K, used 60092K [0x00000000a0e00000, 0x0000000100000000)
  region size 1024K, 14 young (14336K), 2 survivors (2048K)
 Metaspace       used 27798K, committed 27968K, reserved 1114112K
  class space    used 2944K, committed 3008K, reserved 1048576K
}
Event: 6.792 GC heap after
{Heap after GC invocations=14 (full 0):
 garbage-first heap   total 83968K, used 15674K [0x00000000a0e00000, 0x0000000100000000)
  region size 1024K, 2 young (2048K), 2 survivors (2048K)
 Metaspace       used 27798K, committed 27968K, reserved 1114112K
  class space    used 2944K, committed 3008K, reserved 1048576K
}
Event: 8.180 GC heap before
{Heap before GC invocations=14 (full 0):
 garbage-first heap   total 83968K, used 65850K [0x00000000a0e00000, 0x0000000100000000)
  region size 1024K, 48 young (49152K), 2 survivors (2048K)
 Metaspace       used 35369K, committed 35648K, reserved 1114112K
  class space    used 3842K, committed 3968K, reserved 1048576K
}
Event: 8.196 GC heap after
{Heap after GC invocations=15 (full 0):
 garbage-first heap   total 83968K, used 27913K [0x00000000a0e00000, 0x0000000100000000)
  region size 1024K, 6 young (6144K), 6 survivors (6144K)
 Metaspace       used 35369K, committed 35648K, reserved 1114112K
  class space    used 3842K, committed 3968K, reserved 1048576K
}
Event: 9.246 GC heap before
{Heap before GC invocations=15 (full 0):
 garbage-first heap   total 83968K, used 57609K [0x00000000a0e00000, 0x0000000100000000)
  region size 1024K, 36 young (36864K), 6 survivors (6144K)
 Metaspace       used 36798K, committed 37120K, reserved 1114112K
  class space    used 3992K, committed 4160K, reserved 1048576K
}
Event: 9.264 GC heap after
{Heap after GC invocations=16 (full 0):
 garbage-first heap   total 83968K, used 33228K [0x00000000a0e00000, 0x0000000100000000)
  region size 1024K, 5 young (5120K), 5 survivors (5120K)
 Metaspace       used 36798K, committed 37120K, reserved 1114112K
  class space    used 3992K, committed 4160K, reserved 1048576K
}
Event: 10.159 GC heap before
{Heap before GC invocations=16 (full 0):
 garbage-first heap   total 83968K, used 60876K [0x00000000a0e00000, 0x0000000100000000)
  region size 1024K, 33 young (33792K), 5 survivors (5120K)
 Metaspace       used 38230K, committed 38592K, reserved 1114112K
  class space    used 4173K, committed 4352K, reserved 1048576K
}
Event: 10.169 GC heap after
{Heap after GC invocations=17 (full 0):
 garbage-first heap   total 101376K, used 34550K [0x00000000a0e00000, 0x0000000100000000)
  region size 1024K, 1 young (1024K), 1 survivors (1024K)
 Metaspace       used 38230K, committed 38592K, reserved 1114112K
  class space    used 4173K, committed 4352K, reserved 1048576K
}
Event: 11.355 GC heap before
{Heap before GC invocations=17 (full 0):
 garbage-first heap   total 101376K, used 74486K [0x00000000a0e00000, 0x0000000100000000)
  region size 1024K, 39 young (39936K), 1 survivors (1024K)
 Metaspace       used 39933K, committed 40320K, reserved 1114112K
  class space    used 4329K, committed 4480K, reserved 1048576K
}
Event: 11.373 GC heap after
{Heap after GC invocations=18 (full 0):
 garbage-first heap   total 101376K, used 38197K [0x00000000a0e00000, 0x0000000100000000)
  region size 1024K, 4 young (4096K), 4 survivors (4096K)
 Metaspace       used 39933K, committed 40320K, reserved 1114112K
  class space    used 4329K, committed 4480K, reserved 1048576K
}
Event: 12.168 GC heap before
{Heap before GC invocations=18 (full 0):
 garbage-first heap   total 101376K, used 77109K [0x00000000a0e00000, 0x0000000100000000)
  region size 1024K, 41 young (41984K), 4 survivors (4096K)
 Metaspace       used 40036K, committed 40320K, reserved 1114112K
  class space    used 4330K, committed 4480K, reserved 1048576K
}
Event: 12.191 GC heap after
{Heap after GC invocations=19 (full 0):
 garbage-first heap   total 101376K, used 53543K [0x00000000a0e00000, 0x0000000100000000)
  region size 1024K, 6 young (6144K), 6 survivors (6144K)
 Metaspace       used 40036K, committed 40320K, reserved 1114112K
  class space    used 4330K, committed 4480K, reserved 1048576K
}
Event: 13.069 GC heap before
{Heap before GC invocations=19 (full 0):
 garbage-first heap   total 101376K, used 77095K [0x00000000a0e00000, 0x0000000100000000)
  region size 1024K, 30 young (30720K), 6 survivors (6144K)
 Metaspace       used 41023K, committed 41408K, reserved 1114112K
  class space    used 4453K, committed 4608K, reserved 1048576K
}
Event: 13.079 GC heap after
{Heap after GC invocations=20 (full 0):
 garbage-first heap   total 101376K, used 55149K [0x00000000a0e00000, 0x0000000100000000)
  region size 1024K, 1 young (1024K), 1 survivors (1024K)
 Metaspace       used 41023K, committed 41408K, reserved 1114112K
  class space    used 4453K, committed 4608K, reserved 1048576K
}
Event: 14.657 GC heap before
{Heap before GC invocations=21 (full 0):
 garbage-first heap   total 101376K, used 75629K [0x00000000a0e00000, 0x0000000100000000)
  region size 1024K, 25 young (25600K), 1 survivors (1024K)
 Metaspace       used 41554K, committed 41920K, reserved 1114112K
  class space    used 4502K, committed 4672K, reserved 1048576K
}
Event: 14.662 GC heap after
{Heap after GC invocations=22 (full 0):
 garbage-first heap   total 101376K, used 52981K [0x00000000a0e00000, 0x0000000100000000)
  region size 1024K, 2 young (2048K), 2 survivors (2048K)
 Metaspace       used 41554K, committed 41920K, reserved 1114112K
  class space    used 4502K, committed 4672K, reserved 1048576K
}
Event: 14.859 GC heap before
{Heap before GC invocations=22 (full 0):
 garbage-first heap   total 101376K, used 55029K [0x00000000a0e00000, 0x0000000100000000)
  region size 1024K, 4 young (4096K), 2 survivors (2048K)
 Metaspace       used 41595K, committed 41920K, reserved 1114112K
  class space    used 4502K, committed 4672K, reserved 1048576K
}
Event: 14.868 GC heap after
{Heap after GC invocations=23 (full 0):
 garbage-first heap   total 101376K, used 47682K [0x00000000a0e00000, 0x0000000100000000)
  region size 1024K, 1 young (1024K), 1 survivors (1024K)
 Metaspace       used 41595K, committed 41920K, reserved 1114112K
  class space    used 4502K, committed 4672K, reserved 1048576K
}

Dll operation events (7 events):
Event: 0.017 Loaded shared library D:\Java Language\Java Softwares\eclipse\plugins\org.eclipse.justj.openjdk.hotspot.jre.full.win32.x86_64_17.0.8.v20230831-1047\jre\bin\java.dll
Event: 0.197 Loaded shared library D:\Java Language\Java Softwares\eclipse\plugins\org.eclipse.justj.openjdk.hotspot.jre.full.win32.x86_64_17.0.8.v20230831-1047\jre\bin\net.dll
Event: 0.201 Loaded shared library D:\Java Language\Java Softwares\eclipse\plugins\org.eclipse.justj.openjdk.hotspot.jre.full.win32.x86_64_17.0.8.v20230831-1047\jre\bin\nio.dll
Event: 0.214 Loaded shared library D:\Java Language\Java Softwares\eclipse\plugins\org.eclipse.justj.openjdk.hotspot.jre.full.win32.x86_64_17.0.8.v20230831-1047\jre\bin\zip.dll
Event: 0.448 Loaded shared library D:\Java Language\Java Softwares\eclipse\plugins\org.eclipse.justj.openjdk.hotspot.jre.full.win32.x86_64_17.0.8.v20230831-1047\jre\bin\jimage.dll
Event: 0.535 Loaded shared library C:\Users\91915\AppData\Local\Temp\jansi-2.4.0-b8f2f05e5d3fcaf5-jansi.dll
Event: 0.869 Loaded shared library D:\Java Language\Java Softwares\eclipse\plugins\org.eclipse.justj.openjdk.hotspot.jre.full.win32.x86_64_17.0.8.v20230831-1047\jre\bin\verify.dll

Deoptimization events (20 events):
Event: 17.222 Thread 0x000002ba44807a10 Uncommon trap: trap_request=0xffffffc6 fr.pc=0x000002ba2fafb5bc relative=0x000000000000027c
Event: 17.222 Thread 0x000002ba44807a10 Uncommon trap: reason=bimorphic_or_optimized_type_check action=maybe_recompile pc=0x000002ba2fafb5bc method=java.util.regex.Pattern$Slice.match(Ljava/util/regex/Matcher;ILjava/lang/CharSequence;)Z @ 49 c2
Event: 17.222 Thread 0x000002ba44807a10 DEOPT PACKING pc=0x000002ba2fafb5bc sp=0x000000fce4bfef70
Event: 17.222 Thread 0x000002ba44807a10 DEOPT UNPACKING pc=0x000002ba2f2469a3 sp=0x000000fce4bfef18 mode 2
Event: 17.222 Thread 0x000002ba44807a10 Uncommon trap: trap_request=0xffffffc6 fr.pc=0x000002ba2f901e48 relative=0x0000000000000208
Event: 17.222 Thread 0x000002ba44807a10 Uncommon trap: reason=bimorphic_or_optimized_type_check action=maybe_recompile pc=0x000002ba2f901e48 method=java.util.regex.Pattern$BmpCharProperty.match(Ljava/util/regex/Matcher;ILjava/lang/CharSequence;)Z @ 14 c2
Event: 17.222 Thread 0x000002ba44807a10 DEOPT PACKING pc=0x000002ba2f901e48 sp=0x000000fce4bfef70
Event: 17.222 Thread 0x000002ba44807a10 DEOPT UNPACKING pc=0x000002ba2f2469a3 sp=0x000000fce4bfef30 mode 2
Event: 17.222 Thread 0x000002ba44807a10 Uncommon trap: trap_request=0xffffffde fr.pc=0x000002ba2fa91f20 relative=0x0000000000000100
Event: 17.222 Thread 0x000002ba44807a10 Uncommon trap: reason=class_check action=maybe_recompile pc=0x000002ba2fa91f20 method=java.util.regex.Pattern$BmpCharPredicate.lambda$union$2(Ljava/util/regex/Pattern$CharPredicate;I)Z @ 12 c2
Event: 17.222 Thread 0x000002ba44807a10 DEOPT PACKING pc=0x000002ba2fa91f20 sp=0x000000fce4bfef00
Event: 17.222 Thread 0x000002ba44807a10 DEOPT UNPACKING pc=0x000002ba2f2469a3 sp=0x000000fce4bfee18 mode 2
Event: 17.222 Thread 0x000002ba44807a10 Uncommon trap: trap_request=0xffffffc6 fr.pc=0x000002ba2f901e48 relative=0x0000000000000208
Event: 17.222 Thread 0x000002ba44807a10 Uncommon trap: reason=bimorphic_or_optimized_type_check action=maybe_recompile pc=0x000002ba2f901e48 method=java.util.regex.Pattern$BmpCharProperty.match(Ljava/util/regex/Matcher;ILjava/lang/CharSequence;)Z @ 14 c2
Event: 17.222 Thread 0x000002ba44807a10 DEOPT PACKING pc=0x000002ba2f901e48 sp=0x000000fce4bfef70
Event: 17.222 Thread 0x000002ba44807a10 DEOPT UNPACKING pc=0x000002ba2f2469a3 sp=0x000000fce4bfef30 mode 2
Event: 17.222 Thread 0x000002ba44807a10 Uncommon trap: trap_request=0xffffffde fr.pc=0x000002ba2fa91f20 relative=0x0000000000000100
Event: 17.222 Thread 0x000002ba44807a10 Uncommon trap: reason=class_check action=maybe_recompile pc=0x000002ba2fa91f20 method=java.util.regex.Pattern$BmpCharPredicate.lambda$union$2(Ljava/util/regex/Pattern$CharPredicate;I)Z @ 12 c2
Event: 17.222 Thread 0x000002ba44807a10 DEOPT PACKING pc=0x000002ba2fa91f20 sp=0x000000fce4bfef00
Event: 17.222 Thread 0x000002ba44807a10 DEOPT UNPACKING pc=0x000002ba2f2469a3 sp=0x000000fce4bfee18 mode 2

Classes unloaded (0 events):
No events

Classes redefined (0 events):
No events

Internal exceptions (20 events):
Event: 13.292 Thread 0x000002ba224bbfb0 Exception <a 'sun/nio/fs/WindowsException'{0x00000000a6a7c168}> (0x00000000a6a7c168) 
thrown [s\src\hotspot\share\prims\jni.cpp, line 516]
Event: 13.298 Thread 0x000002ba224bbfb0 Exception <a 'sun/nio/fs/WindowsException'{0x00000000a6aafef8}> (0x00000000a6aafef8) 
thrown [s\src\hotspot\share\prims\jni.cpp, line 516]
Event: 13.298 Thread 0x000002ba224bbfb0 Exception <a 'sun/nio/fs/WindowsException'{0x00000000a6ab0288}> (0x00000000a6ab0288) 
thrown [s\src\hotspot\share\prims\jni.cpp, line 516]
Event: 13.298 Thread 0x000002ba224bbfb0 Exception <a 'sun/nio/fs/WindowsException'{0x00000000a6ab1270}> (0x00000000a6ab1270) 
thrown [s\src\hotspot\share\prims\jni.cpp, line 516]
Event: 13.298 Thread 0x000002ba224bbfb0 Exception <a 'sun/nio/fs/WindowsException'{0x00000000a6ab16d0}> (0x00000000a6ab16d0) 
thrown [s\src\hotspot\share\prims\jni.cpp, line 516]
Event: 13.298 Thread 0x000002ba224bbfb0 Exception <a 'sun/nio/fs/WindowsException'{0x00000000a6ab2788}> (0x00000000a6ab2788) 
thrown [s\src\hotspot\share\prims\jni.cpp, line 516]
Event: 13.298 Thread 0x000002ba224bbfb0 Exception <a 'sun/nio/fs/WindowsException'{0x00000000a6ab2b48}> (0x00000000a6ab2b48) 
thrown [s\src\hotspot\share\prims\jni.cpp, line 516]
Event: 13.301 Thread 0x000002ba224bbfb0 Exception <a 'sun/nio/fs/WindowsException'{0x00000000a6ad3a08}> (0x00000000a6ad3a08) 
thrown [s\src\hotspot\share\prims\jni.cpp, line 516]
Event: 13.301 Thread 0x000002ba224bbfb0 Exception <a 'sun/nio/fs/WindowsException'{0x00000000a6ad3d98}> (0x00000000a6ad3d98) 
thrown [s\src\hotspot\share\prims\jni.cpp, line 516]
Event: 13.301 Thread 0x000002ba224bbfb0 Exception <a 'sun/nio/fs/WindowsException'{0x00000000a6ad4d80}> (0x00000000a6ad4d80) 
thrown [s\src\hotspot\share\prims\jni.cpp, line 516]
Event: 13.301 Thread 0x000002ba224bbfb0 Exception <a 'sun/nio/fs/WindowsException'{0x00000000a6ad51e0}> (0x00000000a6ad51e0) 
thrown [s\src\hotspot\share\prims\jni.cpp, line 516]
Event: 13.302 Thread 0x000002ba224bbfb0 Exception <a 'sun/nio/fs/WindowsException'{0x00000000a6ad6298}> (0x00000000a6ad6298) 
thrown [s\src\hotspot\share\prims\jni.cpp, line 516]
Event: 13.302 Thread 0x000002ba224bbfb0 Exception <a 'sun/nio/fs/WindowsException'{0x00000000a6ad6658}> (0x00000000a6ad6658) 
thrown [s\src\hotspot\share\prims\jni.cpp, line 516]
Event: 15.796 Thread 0x000002ba44807a10 Implicit null exception at 0x000002ba2f96a9ec to 0x000002ba2f96aa84
Event: 15.805 Thread 0x000002ba44807a10 Exception <a 'java/lang/NoSuchMethodError'{0x00000000a67ba550}: 'java.lang.Object java.lang.invoke.DirectMethodHandle$Holder.invokeStaticInit(java.lang.Object, java.lang.Object, long, java.lang.Object)'> (0x00000000a67ba550) 
thrown [s\src\hotspot\share\interpreter\linkResolver.cpp, line 759]
Event: 15.806 Thread 0x000002ba44807a10 Exception <a 'java/lang/NoSuchMethodError'{0x00000000a67c0c90}: 'java.lang.Object java.lang.invoke.DirectMethodHandle$Holder.newInvokeSpecial(java.lang.Object, java.lang.Object, long)'> (0x00000000a67c0c90) 
thrown [s\src\hotspot\share\interpreter\linkResolver.cpp, line 759]
Event: 15.807 Thread 0x000002ba44807a10 Exception <a 'java/lang/NoSuchMethodError'{0x00000000a67c4800}: 'java.lang.Object java.lang.invoke.Invokers$Holder.linkToTargetMethod(java.lang.Object, long, java.lang.Object)'> (0x00000000a67c4800) 
thrown [s\src\hotspot\share\interpreter\linkResolver.cpp, line 759]
Event: 16.017 Thread 0x000002ba224bbfb0 Exception <a 'java/lang/NoSuchMethodError'{0x00000000a64d2160}: 'java.lang.Object java.lang.invoke.DirectMethodHandle$Holder.invokeStaticInit(java.lang.Object, java.lang.Object, int, int, int, int)'> (0x00000000a64d2160) 
thrown [s\src\hotspot\share\interpreter\linkResolver.cpp, line 759]
Event: 16.660 Thread 0x000002ba224bbfb0 Exception <a 'java/lang/NoSuchMethodError'{0x00000000a5a6a100}: 'void java.lang.invoke.DirectMethodHandle$Holder.invokeStatic(java.lang.Object, long)'> (0x00000000a5a6a100) 
thrown [s\src\hotspot\share\interpreter\linkResolver.cpp, line 759]
Event: 16.661 Thread 0x000002ba224bbfb0 Exception <a 'java/lang/NoSuchMethodError'{0x00000000a5a6f750}: 'java.lang.Object java.lang.invoke.DirectMethodHandle$Holder.newInvokeSpecial(java.lang.Object, long)'> (0x00000000a5a6f750) 
thrown [s\src\hotspot\share\interpreter\linkResolver.cpp, line 759]

VM Operations (20 events):
Event: 14.145 Executing VM operation: Cleanup
Event: 14.146 Executing VM operation: Cleanup done
Event: 14.657 Executing VM operation: G1CollectForAllocation
Event: 14.662 Executing VM operation: G1CollectForAllocation done
Event: 14.858 Executing VM operation: G1CollectForAllocation
Event: 14.868 Executing VM operation: G1CollectForAllocation done
Event: 15.782 Executing VM operation: HandshakeAllThreads
Event: 15.782 Executing VM operation: HandshakeAllThreads done
Event: 15.789 Executing VM operation: HandshakeAllThreads
Event: 15.789 Executing VM operation: HandshakeAllThreads done
Event: 15.921 Executing VM operation: HandshakeAllThreads
Event: 15.921 Executing VM operation: HandshakeAllThreads done
Event: 15.921 Executing VM operation: Cleanup
Event: 15.922 Executing VM operation: Cleanup done
Event: 16.534 Executing VM operation: HandshakeAllThreads
Event: 16.534 Executing VM operation: HandshakeAllThreads done
Event: 16.588 Executing VM operation: HandshakeAllThreads
Event: 16.588 Executing VM operation: HandshakeAllThreads done
Event: 16.664 Executing VM operation: HandshakeAllThreads
Event: 16.664 Executing VM operation: HandshakeAllThreads done

Events (20 events):
Event: 16.668 loading class java/nio/channels/NonReadableChannelException
Event: 16.668 loading class java/nio/channels/NonReadableChannelException done
Event: 16.669 loading class java/nio/channels/NonWritableChannelException
Event: 16.670 loading class java/nio/channels/NonWritableChannelException done
Event: 16.688 Thread 0x000002ba44807a10 Thread added: 0x000002ba44807a10
Event: 16.688 loading class java/util/Scanner
Event: 16.688 Thread 0x000002ba44806ff0 Thread added: 0x000002ba44806ff0
Event: 16.690 loading class java/util/Scanner done
Event: 16.693 loading class java/util/Scanner$PatternLRUCache
Event: 16.693 loading class java/util/Scanner$PatternLRUCache done
Event: 16.703 Thread 0x000002ba44807500 Thread added: 0x000002ba44807500
Event: 16.825 Thread 0x000002ba43327da0 Thread exited: 0x000002ba43327da0
Event: 17.223 loading class java/util/regex/Matcher$ImmutableMatchResult
Event: 17.223 loading class java/util/regex/Matcher$ImmutableMatchResult done
Event: 17.235 loading class java/lang/invoke/VarHandleLongs$FieldInstanceReadWrite
Event: 17.235 loading class java/lang/invoke/VarHandleLongs$FieldInstanceReadOnly
Event: 17.236 loading class java/lang/invoke/VarHandleLongs$FieldInstanceReadOnly done
Event: 17.236 loading class java/lang/invoke/VarHandleLongs$FieldInstanceReadWrite done
Event: 17.236 loading class java/util/concurrent/atomic/Striped64$1
Event: 17.236 loading class java/util/concurrent/atomic/Striped64$1 done


Dynamic libraries:
0x00007ff64f430000 - 0x00007ff64f43e000 	D:\Java Language\Java Softwares\eclipse\plugins\org.eclipse.justj.openjdk.hotspot.jre.full.win32.x86_64_17.0.8.v20230831-1047\jre\bin\javaw.exe
0x00007ffa645f0000 - 0x00007ffa64807000 	C:\WINDOWS\SYSTEM32\ntdll.dll
0x00007ffa634c0000 - 0x00007ffa63584000 	C:\WINDOWS\System32\KERNEL32.DLL
0x00007ffa61b80000 - 0x00007ffa61f27000 	C:\WINDOWS\System32\KERNELBASE.dll
0x00007ffa62020000 - 0x00007ffa62131000 	C:\WINDOWS\System32\ucrtbase.dll
0x00007ffa41c70000 - 0x00007ffa41c89000 	D:\Java Language\Java Softwares\eclipse\plugins\org.eclipse.justj.openjdk.hotspot.jre.full.win32.x86_64_17.0.8.v20230831-1047\jre\bin\VCRUNTIME140.dll
0x00007ffa5c2b0000 - 0x00007ffa5c2c7000 	D:\Java Language\Java Softwares\eclipse\plugins\org.eclipse.justj.openjdk.hotspot.jre.full.win32.x86_64_17.0.8.v20230831-1047\jre\bin\jli.dll
0x00007ffa64350000 - 0x00007ffa644fe000 	C:\WINDOWS\System32\USER32.dll
0x00007ffa61910000 - 0x00007ffa61936000 	C:\WINDOWS\System32\win32u.dll
0x00007ffa63590000 - 0x00007ffa635b9000 	C:\WINDOWS\System32\GDI32.dll
0x00007ffa506d0000 - 0x00007ffa50963000 	C:\WINDOWS\WinSxS\amd64_microsoft.windows.common-controls_6595b64144ccf1df_6.0.22621.3527_none_270e469b73872a76\COMCTL32.dll
0x00007ffa62200000 - 0x00007ffa62319000 	C:\WINDOWS\System32\gdi32full.dll
0x00007ffa64500000 - 0x00007ffa645a7000 	C:\WINDOWS\System32\msvcrt.dll
0x00007ffa61ae0000 - 0x00007ffa61b7a000 	C:\WINDOWS\System32\msvcp_win.dll
0x00007ffa63480000 - 0x00007ffa634b1000 	C:\WINDOWS\System32\IMM32.DLL
0x00007ffa5c500000 - 0x00007ffa5c50c000 	D:\Java Language\Java Softwares\eclipse\plugins\org.eclipse.justj.openjdk.hotspot.jre.full.win32.x86_64_17.0.8.v20230831-1047\jre\bin\vcruntime140_1.dll
0x00007ffa41ac0000 - 0x00007ffa41b51000 	D:\Java Language\Java Softwares\eclipse\plugins\org.eclipse.justj.openjdk.hotspot.jre.full.win32.x86_64_17.0.8.v20230831-1047\jre\bin\msvcp140.dll
0x00007ffa18e30000 - 0x00007ffa19a7c000 	D:\Java Language\Java Softwares\eclipse\plugins\org.eclipse.justj.openjdk.hotspot.jre.full.win32.x86_64_17.0.8.v20230831-1047\jre\bin\server\jvm.dll
0x00007ffa62370000 - 0x00007ffa62422000 	C:\WINDOWS\System32\ADVAPI32.dll
0x00007ffa62cf0000 - 0x00007ffa62d98000 	C:\WINDOWS\System32\sechost.dll
0x00007ffa61ab0000 - 0x00007ffa61ad8000 	C:\WINDOWS\System32\bcrypt.dll
0x00007ffa62430000 - 0x00007ffa62545000 	C:\WINDOWS\System32\RPCRT4.dll
0x00007ffa5be10000 - 0x00007ffa5be1a000 	C:\WINDOWS\SYSTEM32\VERSION.dll
0x00007ffa5ae40000 - 0x00007ffa5ae74000 	C:\WINDOWS\SYSTEM32\WINMM.dll
0x00007ffa5c310000 - 0x00007ffa5c319000 	C:\WINDOWS\SYSTEM32\WSOCK32.dll
0x00007ffa617d0000 - 0x00007ffa6181d000 	C:\WINDOWS\SYSTEM32\POWRPROF.dll
0x00007ffa62f50000 - 0x00007ffa62fc1000 	C:\WINDOWS\System32\WS2_32.dll
0x00007ffa617b0000 - 0x00007ffa617c3000 	C:\WINDOWS\SYSTEM32\UMPDC.dll
0x00007ffa60930000 - 0x00007ffa60948000 	C:\WINDOWS\SYSTEM32\kernel.appcore.dll
0x00007ffa5c300000 - 0x00007ffa5c30a000 	D:\Java Language\Java Softwares\eclipse\plugins\org.eclipse.justj.openjdk.hotspot.jre.full.win32.x86_64_17.0.8.v20230831-1047\jre\bin\jimage.dll
0x00007ffa59380000 - 0x00007ffa595b3000 	C:\WINDOWS\SYSTEM32\DBGHELP.DLL
0x00007ffa628b0000 - 0x00007ffa62c38000 	C:\WINDOWS\System32\combase.dll
0x00007ffa637c0000 - 0x00007ffa63897000 	C:\WINDOWS\System32\OLEAUT32.dll
0x00007ffa567d0000 - 0x00007ffa56802000 	C:\WINDOWS\SYSTEM32\dbgcore.DLL
0x00007ffa61fa0000 - 0x00007ffa62019000 	C:\WINDOWS\System32\bcryptPrimitives.dll
0x00007ffa23cb0000 - 0x00007ffa23cd5000 	D:\Java Language\Java Softwares\eclipse\plugins\org.eclipse.justj.openjdk.hotspot.jre.full.win32.x86_64_17.0.8.v20230831-1047\jre\bin\java.dll
0x00007ffa41f10000 - 0x00007ffa41f28000 	D:\Java Language\Java Softwares\eclipse\plugins\org.eclipse.justj.openjdk.hotspot.jre.full.win32.x86_64_17.0.8.v20230831-1047\jre\bin\zip.dll
0x00007ffa63a90000 - 0x00007ffa642ec000 	C:\WINDOWS\System32\SHELL32.dll
0x00007ffa5f850000 - 0x00007ffa60146000 	C:\WINDOWS\SYSTEM32\windows.storage.dll
0x00007ffa5f710000 - 0x00007ffa5f84e000 	C:\WINDOWS\SYSTEM32\wintypes.dll
0x00007ffa635c0000 - 0x00007ffa636b5000 	C:\WINDOWS\System32\SHCORE.dll
0x00007ffa62610000 - 0x00007ffa6266e000 	C:\WINDOWS\System32\shlwapi.dll
0x00007ffa61840000 - 0x00007ffa61861000 	C:\WINDOWS\SYSTEM32\profapi.dll
0x00007ffa40a10000 - 0x00007ffa40a29000 	D:\Java Language\Java Softwares\eclipse\plugins\org.eclipse.justj.openjdk.hotspot.jre.full.win32.x86_64_17.0.8.v20230831-1047\jre\bin\net.dll
0x00007ffa5b860000 - 0x00007ffa5b996000 	C:\WINDOWS\SYSTEM32\WINHTTP.dll
0x00007ffa60da0000 - 0x00007ffa60e09000 	C:\WINDOWS\system32\mswsock.dll
0x00007ffa2d080000 - 0x00007ffa2d095000 	D:\Java Language\Java Softwares\eclipse\plugins\org.eclipse.justj.openjdk.hotspot.jre.full.win32.x86_64_17.0.8.v20230831-1047\jre\bin\nio.dll
0x0000000069ac0000 - 0x0000000069ae4000 	C:\Users\91915\AppData\Local\Temp\jansi-2.4.0-b8f2f05e5d3fcaf5-jansi.dll
0x00007ffa40560000 - 0x00007ffa40570000 	D:\Java Language\Java Softwares\eclipse\plugins\org.eclipse.justj.openjdk.hotspot.jre.full.win32.x86_64_17.0.8.v20230831-1047\jre\bin\verify.dll
0x00007ffa603b0000 - 0x00007ffa603dd000 	C:\WINDOWS\SYSTEM32\IPHLPAPI.DLL
0x00007ffa62fd0000 - 0x00007ffa62fd9000 	C:\WINDOWS\System32\NSI.dll
0x00007ffa5b260000 - 0x00007ffa5b279000 	C:\WINDOWS\SYSTEM32\dhcpcsvc6.DLL
0x00007ffa5b1a0000 - 0x00007ffa5b1bf000 	C:\WINDOWS\SYSTEM32\dhcpcsvc.DLL
0x00007ffa60420000 - 0x00007ffa60519000 	C:\WINDOWS\SYSTEM32\DNSAPI.dll
0x00007ffa61000000 - 0x00007ffa6101b000 	C:\WINDOWS\SYSTEM32\CRYPTSP.dll
0x00007ffa60890000 - 0x00007ffa608c5000 	C:\WINDOWS\system32\rsaenh.dll
0x00007ffa60ea0000 - 0x00007ffa60ec8000 	C:\WINDOWS\SYSTEM32\USERENV.dll
0x00007ffa61020000 - 0x00007ffa6102c000 	C:\WINDOWS\SYSTEM32\CRYPTBASE.dll

dbghelp: loaded successfully - version: 4.0.5 - missing functions: none
symbol engine: initialized successfully - sym options: 0x614 - pdb path: .;D:\Java Language\Java Softwares\eclipse\plugins\org.eclipse.justj.openjdk.hotspot.jre.full.win32.x86_64_17.0.8.v20230831-1047\jre\bin;C:\WINDOWS\SYSTEM32;C:\WINDOWS\WinSxS\amd64_microsoft.windows.common-controls_6595b64144ccf1df_6.0.22621.3527_none_270e469b73872a76;D:\Java Language\Java Softwares\eclipse\plugins\org.eclipse.justj.openjdk.hotspot.jre.full.win32.x86_64_17.0.8.v20230831-1047\jre\bin\server;C:\Users\91915\AppData\Local\Temp

VM Arguments:
jvm_args: -Dmaven.home=EMBEDDED -Dclassworlds.conf=D:\Secure Haven Final (Home Loan) Project\Backend\.metadata\.plugins\org.eclipse.m2e.launching\launches\m2conf13812877272956970182.tmp -Dmaven.multiModuleProjectDirectory=C:\Users\91915\git\5_cibil_generator\5_securehaven_producer_cibil_score -Dm2e.build.project.data.socket.port=50438 -Dfile.encoding=UTF-8 -Dstdout.encoding=UTF-8 -Dstderr.encoding=UTF-8 -XX:+ShowCodeDetailsInExceptionMessages 
java_command: org.codehaus.plexus.classworlds.launcher.Launcher -B -Dstyle.color=always install
java_class_path (initial): D:\Java Language\Java Softwares\eclipse\plugins\org.eclipse.m2e.maven.runtime_3.9.400.20230826-0755\jars\plexus-classworlds-2.7.0.jar
Launcher Type: SUN_STANDARD

[Global flags]
     intx CICompilerCount                          = 4                                         {product} {ergonomic}
     uint ConcGCThreads                            = 2                                         {product} {ergonomic}
     uint G1ConcRefinementThreads                  = 8                                         {product} {ergonomic}
   size_t G1HeapRegionSize                         = 1048576                                   {product} {ergonomic}
    uintx GCDrainStackTargetSize                   = 64                                        {product} {ergonomic}
   size_t InitialHeapSize                          = 100663296                                 {product} {ergonomic}
   size_t MarkStackSize                            = 4194304                                   {product} {ergonomic}
   size_t MaxHeapSize                              = 1595932672                                {product} {ergonomic}
   size_t MaxNewSize                               = 957349888                                 {product} {ergonomic}
   size_t MinHeapDeltaBytes                        = 1048576                                   {product} {ergonomic}
   size_t MinHeapSize                              = 8388608                                   {product} {ergonomic}
    uintx NonNMethodCodeHeapSize                   = 5839372                                {pd product} {ergonomic}
    uintx NonProfiledCodeHeapSize                  = 122909434                              {pd product} {ergonomic}
    uintx ProfiledCodeHeapSize                     = 122909434                              {pd product} {ergonomic}
    uintx ReservedCodeCacheSize                    = 251658240                              {pd product} {ergonomic}
     bool SegmentedCodeCache                       = true                                      {product} {ergonomic}
     bool ShowCodeDetailsInExceptionMessages       = true                                   {manageable} {command line}
   size_t SoftMaxHeapSize                          = 1595932672                             {manageable} {ergonomic}
     bool UseCompressedClassPointers               = true                           {product lp64_product} {ergonomic}
     bool UseCompressedOops                        = true                           {product lp64_product} {ergonomic}
     bool UseG1GC                                  = true                                      {product} {ergonomic}
     bool UseLargePagesIndividualAllocation        = false                                  {pd product} {ergonomic}

Logging:
Log output configuration:
 #0: stdout all=warning uptime,level,tags
 #1: stderr all=off uptime,level,tags

Environment Variables:
PATH=D:/Java Language/Java Softwares/eclipse//plugins/org.eclipse.justj.openjdk.hotspot.jre.full.win32.x86_64_17.0.8.v20230831-1047/jre/bin/server;D:/Java Language/Java Softwares/eclipse//plugins/org.eclipse.justj.openjdk.hotspot.jre.full.win32.x86_64_17.0.8.v20230831-1047/jre/bin;C:\ProgramData\Oracle\Java\javapath;C:\WINDOWS\system32;C:\WINDOWS;C:\WINDOWS\System32\Wbem;C:\WINDOWS\System32\WindowsPowerShell\v1.0\;C:\WINDOWS\System32\OpenSSH\;C:\MinGW\bin;C:\Program Files\Java\jdk1.8.0_131\bin;C:\Program Files\nodejs\;C:\Program Files\Git\cmd;C:\Program Files\MySQL\MySQL Shell 8.0\bin\;C:\Users\91915\AppData\Local\Microsoft\WindowsApps;C:\Program Files (x86)\mingw-w64\i686-8.1.0-posix-dwarf-rt_v6-rev0\mingw32\bin;C:\Program Files\SDCC\bin;C:\Program Files\JetBrains\IntelliJ IDEA Community Edition 2022.1.3\bin;;;C:\Users\91915\AppData\Local\Programs\Microsoft VS Code\bin;C:\Users\91915\AppData\Roaming\npm;D:\Java Language\Java Softwares\eclipse;
USERNAME=91915
OS=Windows_NT
PROCESSOR_IDENTIFIER=AMD64 Family 23 Model 24 Stepping 1, AuthenticAMD
TMP=C:\Users\91915\AppData\Local\Temp
TEMP=C:\Users\91915\AppData\Local\Temp



---------------  S Y S T E M  ---------------

OS:
 Windows 11 , 64 bit Build 22621 (10.0.22621.3527)
OS uptime: 0 days 8:36 hours

CPU: total 8 (initial active 8) (8 cores per cpu, 2 threads per core) family 23 model 24 stepping 1 microcode 0x0, cx8, cmov, fxsr, ht, mmx, 3dnowpref, sse, sse2, sse3, ssse3, sse4a, sse4.1, sse4.2, popcnt, lzcnt, tsc, tscinvbit, avx, avx2, aes, clmul, bmi1, bmi2, adx, sha, fma, vzeroupper, clflush, clflushopt
Processor Information for all 8 processors :
  Max Mhz: 2100, Current Mhz: 2100, Mhz Limit: 2100

Memory: 4k page, system-wide physical 6082M (601M free)
TotalPageFile size 8130M (AvailPageFile size 67M)
current process WorkingSet (physical memory assigned to process): 255M, peak: 275M
current process commit charge ("private bytes"): 286M, peak: 308M

vm_info: OpenJDK 64-Bit Server VM (17.0.8.1+1) for windows-amd64 JRE (17.0.8.1+1), built on Aug 23 2023 15:29:17 by "admin" with MS VC++ 16.7 (VS2019)

END.
