#
# There is insufficient memory for the Java Runtime Environment to continue.
# Native memory allocation (mmap) failed to map 100663296 bytes for G1 virtual space
# Possible reasons:
#   The system is out of physical RAM or swap space
#   The process is running with CompressedOops enabled, and the Java Heap may be blocking the growth of the native heap
# Possible solutions:
#   Reduce memory load on the system
#   Increase physical memory or swap space
#   Check if swap backing store is full
#   Decrease Java heap size (-Xmx/-Xms)
#   Decrease number of Java threads
#   Decrease Java thread stack sizes (-Xss)
#   Set larger code cache with -XX:ReservedCodeCacheSize=
#   JVM is running with Unscaled Compressed Oops mode in which the Java heap is
#     placed in the first 4GB address space. The Java Heap base address is the
#     maximum limit for the native heap growth. Please use -XX:HeapBaseMinAddress
#     to set the Java Heap base and to place the Java Heap above 4GB virtual address.
# This output file may be truncated or incomplete.
#
#  Out of Memory Error (os_windows.cpp:3617), pid=4152, tid=9488
#
# JRE version:  (17.0.8.1+1) (build )
# Java VM: OpenJDK 64-Bit Server VM (17.0.8.1+1, mixed mode, sharing, tiered, compressed oops, compressed class ptrs, g1 gc, windows-amd64)
# No core dump will be written. Minidumps are not enabled by default on client versions of Windows
#

---------------  S U M M A R Y ------------

Command Line: C:\Users\91915\AppData\Local\Temp\surefire13444856937971638377\surefirebooter-20240506101918149_3.jar C:\Users\91915\AppData\Local\Temp\surefire13444856937971638377 2024-05-06T10-19-17_534-jvmRun1 surefire-20240506101918149_1tmp surefire_0-20240506101918149_2tmp

Host: AMD Ryzen 5 3550H with Radeon Vega Mobile Gfx  , 8 cores, 5G,  Windows 11 , 64 bit Build 22621 (10.0.22621.3527)
Time: Mon May  6 10:19:18 2024 India Standard Time elapsed time: 0.048335 seconds (0d 0h 0m 0s)

---------------  T H R E A D  ---------------

Current thread (0x00000213b1b39060):  JavaThread "Unknown thread" [_thread_in_vm, id=9488, stack(0x000000291c600000,0x000000291c700000)]

Stack: [0x000000291c600000,0x000000291c700000]
Native frames: (J=compiled Java code, j=interpreted, Vv=VM code, C=native code)
V  [jvm.dll+0x678b0a]
V  [jvm.dll+0x835e84]
V  [jvm.dll+0x83762e]
V  [jvm.dll+0x837c93]
V  [jvm.dll+0x24746f]
V  [jvm.dll+0x675859]
V  [jvm.dll+0x66a0ea]
V  [jvm.dll+0x306c7b]
V  [jvm.dll+0x30e166]
V  [jvm.dll+0x35dd3e]
V  [jvm.dll+0x35df6f]
V  [jvm.dll+0x2ddb48]
V  [jvm.dll+0x2deab4]
V  [jvm.dll+0x807f31]
V  [jvm.dll+0x36bb21]
V  [jvm.dll+0x7e733c]
V  [jvm.dll+0x3ee4af]
V  [jvm.dll+0x3f00c1]
C  [jli.dll+0x528b]
C  [ucrtbase.dll+0x29333]
C  [KERNEL32.DLL+0x1257d]
C  [ntdll.dll+0x5aa48]


---------------  P R O C E S S  ---------------

Threads class SMR info:
_java_thread_list=0x00007ffa1994a018, length=0, elements={
}

Java Threads: ( => current thread )

Other Threads:
  0x00000213b1b86890 GCTaskThread "GC Thread#0" [stack: 0x000000291c700000,0x000000291c800000] [id=7756]
  0x00000213b1b93620 ConcurrentGCThread "G1 Main Marker" [stack: 0x000000291c800000,0x000000291c900000] [id=11232]
  0x00000213b1b94030 ConcurrentGCThread "G1 Conc#0" [stack: 0x000000291c900000,0x000000291ca00000] [id=14188]

[error occurred during error reporting (printing all threads), id 0xc0000005, EXCEPTION_ACCESS_VIOLATION (0xc0000005) at pc=0x00007ffa1911e587]

VM state: not at safepoint (not fully initialized)

VM Mutex/Monitor currently owned by a thread:  ([mutex/lock_event])
[0x00000213b1b33870] Heap_lock - owner thread: 0x00000213b1b39060

Heap address: 0x00000000a0e00000, size: 1522 MB, Compressed Oops mode: 32-bit

CDS archive(s) mapped at: [0x0000000000000000-0x0000000000000000-0x0000000000000000), size 0, SharedBaseAddress: 0x0000000800000000, ArchiveRelocationMode: 1.
Narrow klass base: 0x0000000000000000, Narrow klass shift: 0, Narrow klass range: 0x0

GC Precious Log:
<Empty>

Heap:
 garbage-first heap   total 0K, used 0K [0x00000000a0e00000, 0x0000000100000000)
  region size 1024K, 0 young (0K), 0 survivors (0K)

[error occurred during error reporting (printing heap information), id 0xc0000005, EXCEPTION_ACCESS_VIOLATION (0xc0000005) at pc=0x00007ffa19502699]

GC Heap History (0 events):
No events

Dll operation events (1 events):
Event: 0.015 Loaded shared library D:\Java Language\Java Softwares\eclipse\plugins\org.eclipse.justj.openjdk.hotspot.jre.full.win32.x86_64_17.0.8.v20230831-1047\jre\bin\java.dll

Deoptimization events (0 events):
No events

Classes unloaded (0 events):
No events

Classes redefined (0 events):
No events

Internal exceptions (0 events):
No events

VM Operations (0 events):
No events

Events (0 events):
No events


Dynamic libraries:
0x00007ff687a10000 - 0x00007ff687a1e000 	D:\Java Language\Java Softwares\eclipse\plugins\org.eclipse.justj.openjdk.hotspot.jre.full.win32.x86_64_17.0.8.v20230831-1047\jre\bin\java.exe
0x00007ffa645f0000 - 0x00007ffa64807000 	C:\WINDOWS\SYSTEM32\ntdll.dll
0x00007ffa634c0000 - 0x00007ffa63584000 	C:\WINDOWS\System32\KERNEL32.DLL
0x00007ffa61b80000 - 0x00007ffa61f27000 	C:\WINDOWS\System32\KERNELBASE.dll
0x00007ffa62020000 - 0x00007ffa62131000 	C:\WINDOWS\System32\ucrtbase.dll
0x00007ffa5c2b0000 - 0x00007ffa5c2c7000 	D:\Java Language\Java Softwares\eclipse\plugins\org.eclipse.justj.openjdk.hotspot.jre.full.win32.x86_64_17.0.8.v20230831-1047\jre\bin\jli.dll
0x00007ffa41c70000 - 0x00007ffa41c89000 	D:\Java Language\Java Softwares\eclipse\plugins\org.eclipse.justj.openjdk.hotspot.jre.full.win32.x86_64_17.0.8.v20230831-1047\jre\bin\VCRUNTIME140.dll
0x00007ffa64350000 - 0x00007ffa644fe000 	C:\WINDOWS\System32\USER32.dll
0x00007ffa61910000 - 0x00007ffa61936000 	C:\WINDOWS\System32\win32u.dll
0x00007ffa63590000 - 0x00007ffa635b9000 	C:\WINDOWS\System32\GDI32.dll
0x00007ffa506d0000 - 0x00007ffa50963000 	C:\WINDOWS\WinSxS\amd64_microsoft.windows.common-controls_6595b64144ccf1df_6.0.22621.3527_none_270e469b73872a76\COMCTL32.dll
0x00007ffa62200000 - 0x00007ffa62319000 	C:\WINDOWS\System32\gdi32full.dll
0x00007ffa64500000 - 0x00007ffa645a7000 	C:\WINDOWS\System32\msvcrt.dll
0x00007ffa61ae0000 - 0x00007ffa61b7a000 	C:\WINDOWS\System32\msvcp_win.dll
0x00007ffa63480000 - 0x00007ffa634b1000 	C:\WINDOWS\System32\IMM32.DLL
0x00007ffa5c500000 - 0x00007ffa5c50c000 	D:\Java Language\Java Softwares\eclipse\plugins\org.eclipse.justj.openjdk.hotspot.jre.full.win32.x86_64_17.0.8.v20230831-1047\jre\bin\vcruntime140_1.dll
0x00007ffa41ac0000 - 0x00007ffa41b51000 	D:\Java Language\Java Softwares\eclipse\plugins\org.eclipse.justj.openjdk.hotspot.jre.full.win32.x86_64_17.0.8.v20230831-1047\jre\bin\msvcp140.dll
0x00007ffa18e30000 - 0x00007ffa19a7c000 	D:\Java Language\Java Softwares\eclipse\plugins\org.eclipse.justj.openjdk.hotspot.jre.full.win32.x86_64_17.0.8.v20230831-1047\jre\bin\server\jvm.dll
0x00007ffa62370000 - 0x00007ffa62422000 	C:\WINDOWS\System32\ADVAPI32.dll
0x00007ffa62cf0000 - 0x00007ffa62d98000 	C:\WINDOWS\System32\sechost.dll
0x00007ffa61ab0000 - 0x00007ffa61ad8000 	C:\WINDOWS\System32\bcrypt.dll
0x00007ffa62430000 - 0x00007ffa62545000 	C:\WINDOWS\System32\RPCRT4.dll
0x00007ffa5c310000 - 0x00007ffa5c319000 	C:\WINDOWS\SYSTEM32\WSOCK32.dll
0x00007ffa5ae40000 - 0x00007ffa5ae74000 	C:\WINDOWS\SYSTEM32\WINMM.dll
0x00007ffa617d0000 - 0x00007ffa6181d000 	C:\WINDOWS\SYSTEM32\POWRPROF.dll
0x00007ffa5be10000 - 0x00007ffa5be1a000 	C:\WINDOWS\SYSTEM32\VERSION.dll
0x00007ffa62f50000 - 0x00007ffa62fc1000 	C:\WINDOWS\System32\WS2_32.dll
0x00007ffa617b0000 - 0x00007ffa617c3000 	C:\WINDOWS\SYSTEM32\UMPDC.dll
0x00007ffa60930000 - 0x00007ffa60948000 	C:\WINDOWS\SYSTEM32\kernel.appcore.dll
0x00007ffa5c300000 - 0x00007ffa5c30a000 	D:\Java Language\Java Softwares\eclipse\plugins\org.eclipse.justj.openjdk.hotspot.jre.full.win32.x86_64_17.0.8.v20230831-1047\jre\bin\jimage.dll
0x00007ffa59380000 - 0x00007ffa595b3000 	C:\WINDOWS\SYSTEM32\DBGHELP.DLL
0x00007ffa628b0000 - 0x00007ffa62c38000 	C:\WINDOWS\System32\combase.dll
0x00007ffa637c0000 - 0x00007ffa63897000 	C:\WINDOWS\System32\OLEAUT32.dll
0x00007ffa567d0000 - 0x00007ffa56802000 	C:\WINDOWS\SYSTEM32\dbgcore.DLL
0x00007ffa61fa0000 - 0x00007ffa62019000 	C:\WINDOWS\System32\bcryptPrimitives.dll
0x00007ffa23cb0000 - 0x00007ffa23cd5000 	D:\Java Language\Java Softwares\eclipse\plugins\org.eclipse.justj.openjdk.hotspot.jre.full.win32.x86_64_17.0.8.v20230831-1047\jre\bin\java.dll

dbghelp: loaded successfully - version: 4.0.5 - missing functions: none
symbol engine: initialized successfully - sym options: 0x614 - pdb path: .;D:\Java Language\Java Softwares\eclipse\plugins\org.eclipse.justj.openjdk.hotspot.jre.full.win32.x86_64_17.0.8.v20230831-1047\jre\bin;C:\WINDOWS\SYSTEM32;C:\WINDOWS\WinSxS\amd64_microsoft.windows.common-controls_6595b64144ccf1df_6.0.22621.3527_none_270e469b73872a76;D:\Java Language\Java Softwares\eclipse\plugins\org.eclipse.justj.openjdk.hotspot.jre.full.win32.x86_64_17.0.8.v20230831-1047\jre\bin\server

VM Arguments:
java_command: C:\Users\91915\AppData\Local\Temp\surefire13444856937971638377\surefirebooter-20240506101918149_3.jar C:\Users\91915\AppData\Local\Temp\surefire13444856937971638377 2024-05-06T10-19-17_534-jvmRun1 surefire-20240506101918149_1tmp surefire_0-20240506101918149_2tmp
java_class_path (initial): C:\Users\91915\AppData\Local\Temp\surefire13444856937971638377\surefirebooter-20240506101918149_3.jar
Launcher Type: SUN_STANDARD

[Global flags]
     intx CICompilerCount                          = 4                                         {product} {ergonomic}
     uint ConcGCThreads                            = 2                                         {product} {ergonomic}
     uint G1ConcRefinementThreads                  = 8                                         {product} {ergonomic}
   size_t G1HeapRegionSize                         = 1048576                                   {product} {ergonomic}
    uintx GCDrainStackTargetSize                   = 64                                        {product} {ergonomic}
   size_t InitialHeapSize                          = 100663296                                 {product} {ergonomic}
   size_t MarkStackSize                            = 4194304                                   {product} {ergonomic}
   size_t MaxHeapSize                              = 1595932672                                {product} {ergonomic}
   size_t MinHeapDeltaBytes                        = 1048576                                   {product} {ergonomic}
   size_t MinHeapSize                              = 8388608                                   {product} {ergonomic}
    uintx NonNMethodCodeHeapSize                   = 5839372                                {pd product} {ergonomic}
    uintx NonProfiledCodeHeapSize                  = 122909434                              {pd product} {ergonomic}
    uintx ProfiledCodeHeapSize                     = 122909434                              {pd product} {ergonomic}
    uintx ReservedCodeCacheSize                    = 251658240                              {pd product} {ergonomic}
     bool SegmentedCodeCache                       = true                                      {product} {ergonomic}
   size_t SoftMaxHeapSize                          = 1595932672                             {manageable} {ergonomic}
     bool UseCompressedClassPointers               = true                           {product lp64_product} {ergonomic}
     bool UseCompressedOops                        = true                           {product lp64_product} {ergonomic}
     bool UseG1GC                                  = true                                      {product} {ergonomic}
     bool UseLargePagesIndividualAllocation        = false                                  {pd product} {ergonomic}

Logging:
Log output configuration:
 #0: stdout all=warning uptime,level,tags
 #1: stderr all=off uptime,level,tags

Environment Variables:
PATH=D:/Java Language/Java Softwares/eclipse//plugins/org.eclipse.justj.openjdk.hotspot.jre.full.win32.x86_64_17.0.8.v20230831-1047/jre/bin/server;D:/Java Language/Java Softwares/eclipse//plugins/org.eclipse.justj.openjdk.hotspot.jre.full.win32.x86_64_17.0.8.v20230831-1047/jre/bin;C:\ProgramData\Oracle\Java\javapath;C:\WINDOWS\system32;C:\WINDOWS;C:\WINDOWS\System32\Wbem;C:\WINDOWS\System32\WindowsPowerShell\v1.0\;C:\WINDOWS\System32\OpenSSH\;C:\MinGW\bin;C:\Program Files\Java\jdk1.8.0_131\bin;C:\Program Files\nodejs\;C:\Program Files\Git\cmd;C:\Program Files\MySQL\MySQL Shell 8.0\bin\;C:\Users\91915\AppData\Local\Microsoft\WindowsApps;C:\Program Files (x86)\mingw-w64\i686-8.1.0-posix-dwarf-rt_v6-rev0\mingw32\bin;C:\Program Files\SDCC\bin;C:\Program Files\JetBrains\IntelliJ IDEA Community Edition 2022.1.3\bin;;;C:\Users\91915\AppData\Local\Programs\Microsoft VS Code\bin;C:\Users\91915\AppData\Roaming\npm;D:\Java Language\Java Softwares\eclipse;
USERNAME=91915
OS=Windows_NT
PROCESSOR_IDENTIFIER=AMD64 Family 23 Model 24 Stepping 1, AuthenticAMD
TMP=C:\Users\91915\AppData\Local\Temp
TEMP=C:\Users\91915\AppData\Local\Temp



---------------  S Y S T E M  ---------------

OS:
 Windows 11 , 64 bit Build 22621 (10.0.22621.3527)
OS uptime: 0 days 8:36 hours

CPU: total 8 (initial active 8) (8 cores per cpu, 2 threads per core) family 23 model 24 stepping 1 microcode 0x0, cx8, cmov, fxsr, ht, mmx, 3dnowpref, sse, sse2, sse3, ssse3, sse4a, sse4.1, sse4.2, popcnt, lzcnt, tsc, tscinvbit, avx, avx2, aes, clmul, bmi1, bmi2, adx, sha, fma, vzeroupper, clflush, clflushopt
Processor Information for all 8 processors :
  Max Mhz: 2100, Current Mhz: 2100, Mhz Limit: 2100

Memory: 4k page, system-wide physical 6082M (599M free)
TotalPageFile size 8130M (AvailPageFile size 5M)
current process WorkingSet (physical memory assigned to process): 11M, peak: 11M
current process commit charge ("private bytes"): 60M, peak: 156M

vm_info: OpenJDK 64-Bit Server VM (17.0.8.1+1) for windows-amd64 JRE (17.0.8.1+1), built on Aug 23 2023 15:29:17 by "admin" with MS VC++ 16.7 (VS2019)

END.
